


ARM Macro Assembler    Page 1 


    1 00000000         ;/******************************************************
                       *****************
    2 00000000         ; * $Id: startup_hitex4350_M4.s 6473 2011-02-16 17:40:54
                       Z nxp27266 $
    3 00000000         ; *
    4 00000000         ; * Project: LPC18xx CMSIS Package
    5 00000000         ; *
    6 00000000         ; * Description: Cortex-M3 Core Device Startup File for 
                       the NXP LPC18xx 
    7 00000000         ; *              Device Series.
    8 00000000         ; *
    9 00000000         ; * Copyright(C) 2011, NXP Semiconductor
   10 00000000         ; * All rights reserved.
   11 00000000         ; *
   12 00000000         ; ******************************************************
                       *****************
   13 00000000         ; * Software that is described herein is for illustrativ
                       e purposes only
   14 00000000         ; * which provides customers with programming informatio
                       n regarding the
   15 00000000         ; * products. This software is supplied "AS IS" without 
                       any warranties.
   16 00000000         ; * NXP Semiconductors assumes no responsibility or liab
                       ility for the
   17 00000000         ; * use of the software, conveys no license or title und
                       er any patent,
   18 00000000         ; * copyright, or mask work right to the product. NXP Se
                       miconductors
   19 00000000         ; * reserves the right to make changes in the software w
                       ithout
   20 00000000         ; * notification. NXP Semiconductors also make no repres
                       entation or
   21 00000000         ; * warranty that such application will be suitable for 
                       the specified
   22 00000000         ; * use without further testing or modification.
   23 00000000         ; ******************************************************
                       ****************/
   24 00000000         
   25 00000000         ; <h> Stack Configuration
   26 00000000         ;   <o> Stack Size (in Bytes) <0x0-0xFFFFFFFF:8>
   27 00000000         ; </h>
   28 00000000         
   29 00000000 00001000 
                       Stack_Size
                               EQU              0x00001000
   30 00000000         
   31 00000000                 AREA             STACK, NOINIT, READWRITE, ALIGN
=3
   32 00000000         Stack_Mem
                               SPACE            Stack_Size
   33 00001000         __initial_sp
   34 00001000         
   35 00001000         ; <h> Heap Configuration
   36 00001000         ;   <o>  Heap Size (in Bytes) <0x0-0xFFFFFFFF:8>
   37 00001000         ; </h>
   38 00001000         
   39 00001000                 IF               :DEF:USE_FREERTOS
   42 00001000 00000400 
                       Heap_Size



ARM Macro Assembler    Page 2 


                               EQU              0x00000400
   43 00001000                 ENDIF
   44 00001000         
   45 00001000                 AREA             HEAP, NOINIT, READWRITE, ALIGN=
3
   46 00000000         __heap_base
   47 00000000         Heap_Mem
                               SPACE            Heap_Size
   48 00000400         __heap_limit
   49 00000400         
   50 00000400                 PRESERVE8
   51 00000400                 THUMB
   52 00000400         
   53 00000400                 IF               :DEF:USE_FREERTOS
   57                          ENDIF
   58 00000400         
   59 00000400         ; Vector Table Mapped to Address 0 at Reset
   60 00000400         
   61 00000400                 AREA             RESET, DATA, READONLY
   62 00000000                 EXPORT           __Vectors
   63 00000000         
   64 00000000 5A5A5A5A 
                       Sign_Value
                               EQU              0x5A5A5A5A
   65 00000000         
   66 00000000 00000000 
                       __Vectors
                               DCD              __initial_sp ; 0 Top of Stack
   67 00000004 00000000        DCD              Reset_Handler ; 1 Reset Handler
                                                            
   68 00000008 00000000        DCD              NMI_Handler ; 2 NMI Handler
   69 0000000C 00000000        DCD              HardFault_Handler ; 3 Hard Faul
                                                            t Handler
   70 00000010 00000000        DCD              MemManage_Handler ; 4 MPU Fault
                                                             Handler
   71 00000014 00000000        DCD              BusFault_Handler ; 5 Bus Fault 
                                                            Handler
   72 00000018 00000000        DCD              UsageFault_Handler ; 6 Usage Fa
                                                            ult Handler
   73 0000001C 5A5A5A5A        DCD              Sign_Value  ; 7 Reserved
   74 00000020 00000000        DCD              0           ; 8 Reserved
   75 00000024 00000000        DCD              0           ; 9 Reserved
   76 00000028 00000000        DCD              0           ; 10 Reserved
   77 0000002C                 IF               :DEF:USE_FREERTOS
   84 0000002C 00000000        DCD              SVC_Handler ; 11 SVCall Handler
                                                            
   85 00000030 00000000        DCD              DebugMon_Handler ; 12 Debug Mon
                                                            itor Handler
   86 00000034 00000000        DCD              0           ; 13 Reserved
   87 00000038 00000000        DCD              PendSV_Handler 
                                                            ; 14 PendSV Handler
                                                            
   88 0000003C 00000000        DCD              SysTick_Handler ; 15 SysTick Ha
                                                            ndler
   89 00000040                 ENDIF
   90 00000040         
   91 00000040         ; External Interrupts    
   92 00000040 00000000        DCD              DAC_IRQHandler 
                                                            ; 16 D/A Converter



ARM Macro Assembler    Page 3 


   93 00000044 00000000        DCD              M0CORE_IRQHandler ; 17 M0 Core
   94 00000048 00000000        DCD              DMA_IRQHandler ; 18 General Pur
                                                            pose DMA
   95 0000004C 00000000        DCD              EZH_IRQHandler ; 19 EZH/EDM
   96 00000050 00000000        DCD              FLASH_EEPROM_IRQHandler ; 20 Re
                                                            served for Typhoon
   97 00000054 00000000        DCD              ETH_IRQHandler ; 21 Ethernet
   98 00000058 00000000        DCD              SDIO_IRQHandler ; 22 SD/MMC
   99 0000005C 00000000        DCD              LCD_IRQHandler ; 23 LCD
  100 00000060 00000000        DCD              USB0_IRQHandler ; 24 USB0
  101 00000064 00000000        DCD              USB1_IRQHandler ; 25 USB1
  102 00000068 00000000        DCD              SCT_IRQHandler ; 26 State Confi
                                                            gurable Timer
  103 0000006C 00000000        DCD              RIT_IRQHandler ; 27 Repetitive 
                                                            Interrupt Timer
  104 00000070 00000000        DCD              TIMER0_IRQHandler ; 28 Timer0
  105 00000074 00000000        DCD              TIMER1_IRQHandler ; 29 Timer1
  106 00000078 00000000        DCD              TIMER2_IRQHandler ; 30 Timer2
  107 0000007C 00000000        DCD              TIMER3_IRQHandler ; 31 Timer3
  108 00000080 00000000        DCD              MCPWM_IRQHandler ; 32 Motor Con
                                                            trol PWM
  109 00000084 00000000        DCD              ADC0_IRQHandler ; 33 A/D Conver
                                                            ter 0
  110 00000088 00000000        DCD              I2C0_IRQHandler ; 34 I2C0
  111 0000008C 00000000        DCD              I2C1_IRQHandler ; 35 I2C1
  112 00000090 00000000        DCD              SPI_IRQHandler ; 36 SPI
  113 00000094 00000000        DCD              ADC1_IRQHandler ; 37 A/D Conver
                                                            ter 1
  114 00000098 00000000        DCD              SSP0_IRQHandler ; 38 SSP0
  115 0000009C 00000000        DCD              SSP1_IRQHandler ; 39 SSP1
  116 000000A0 00000000        DCD              UART0_IRQHandler ; 40 UART0
  117 000000A4 00000000        DCD              UART1_IRQHandler ; 41 UART1
  118 000000A8 00000000        DCD              UART2_IRQHandler ; 42 UART2
  119 000000AC 00000000        DCD              UART3_IRQHandler ; 43 UART3
  120 000000B0 00000000        DCD              I2S0_IRQHandler ; 44 I2S0
  121 000000B4 00000000        DCD              I2S1_IRQHandler ; 45 I2S1
  122 000000B8 00000000        DCD              SPIFI_IRQHandler ; 46 SPI Flash
                                                             Interface
  123 000000BC 00000000        DCD              SGPIO_IRQHandler ; 47 SGPIO
  124 000000C0 00000000        DCD              GPIO0_IRQHandler ; 48 GPIO0
  125 000000C4 00000000        DCD              GPIO1_IRQHandler ; 49 GPIO1
  126 000000C8 00000000        DCD              GPIO2_IRQHandler ; 50 GPIO2
  127 000000CC 00000000        DCD              GPIO3_IRQHandler ; 51 GPIO3
  128 000000D0 00000000        DCD              GPIO4_IRQHandler ; 52 GPIO4
  129 000000D4 00000000        DCD              GPIO5_IRQHandler ; 53 GPIO5
  130 000000D8 00000000        DCD              GPIO6_IRQHandler ; 54 GPIO6
  131 000000DC 00000000        DCD              GPIO7_IRQHandler ; 55 GPIO7
  132 000000E0 00000000        DCD              GINT0_IRQHandler ; 56 GINT0
  133 000000E4 00000000        DCD              GINT1_IRQHandler ; 57 GINT1
  134 000000E8 00000000        DCD              EVRT_IRQHandler 
                                                            ; 58 Event Router
  135 000000EC 00000000        DCD              CAN1_IRQHandler ; 59 C_CAN1
  136 000000F0 00000000        DCD              0           ; 60 Reserved
  137 000000F4 00000000        DCD              VADC_IRQHandler ; 61 VADC
  138 000000F8 00000000        DCD              ATIMER_IRQHandler ; 62 ATIMER
  139 000000FC 00000000        DCD              RTC_IRQHandler ; 63 RTC
  140 00000100 00000000        DCD              0           ; 64 Reserved
  141 00000104 00000000        DCD              WDT_IRQHandler ; 65 WDT
  142 00000108 00000000        DCD              M0s_IRQHandler ; 66 M0s



ARM Macro Assembler    Page 4 


  143 0000010C 00000000        DCD              CAN0_IRQHandler ; 67 C_CAN0
  144 00000110 00000000        DCD              QEI_IRQHandler ; 68 QEI
  145 00000114         
  146 00000114         
  147 00000114                 IF               :LNOT::DEF:NO_CRP
  148 00000114                 AREA             |.ARM.__at_0x02FC|, CODE, READO
NLY
  149 00000000 FFFFFFFF 
                       CRP_Key DCD              0xFFFFFFFF
  150 00000004                 ENDIF
  151 00000004         
  152 00000004                 AREA             |.text|, CODE, READONLY
  153 00000000         
  154 00000000         ; Reset Handler
  155 00000000         
  156 00000000         Reset_Handler
                               PROC
  157 00000000                 EXPORT           Reset_Handler             [WEAK
]
  158 00000000                 IMPORT           __main
  159 00000000 4805            LDR              R0, =__main
  160 00000002 4700            BX               R0
  161 00000004                 ENDP
  162 00000004         
  163 00000004         ; Dummy Exception Handlers (infinite loops which can be 
                       modified)                
  164 00000004         
  165 00000004         NMI_Handler
                               PROC
  166 00000004                 EXPORT           NMI_Handler               [WEAK
]
  167 00000004 E7FE            B                .
  168 00000006                 ENDP
  170 00000006         HardFault_Handler
                               PROC
  171 00000006                 EXPORT           HardFault_Handler         [WEAK
]
  172 00000006 E7FE            B                .
  173 00000008                 ENDP
  175 00000008         MemManage_Handler
                               PROC
  176 00000008                 EXPORT           MemManage_Handler         [WEAK
]
  177 00000008 E7FE            B                .
  178 0000000A                 ENDP
  180 0000000A         BusFault_Handler
                               PROC
  181 0000000A                 EXPORT           BusFault_Handler          [WEAK
]
  182 0000000A E7FE            B                .
  183 0000000C                 ENDP
  185 0000000C         UsageFault_Handler
                               PROC
  186 0000000C                 EXPORT           UsageFault_Handler        [WEAK
]
  187 0000000C E7FE            B                .
  188 0000000E                 ENDP
  189 0000000E         SVC_Handler
                               PROC



ARM Macro Assembler    Page 5 


  190 0000000E                 EXPORT           SVC_Handler               [WEAK
]
  191 0000000E E7FE            B                .
  192 00000010                 ENDP
  194 00000010         DebugMon_Handler
                               PROC
  195 00000010                 EXPORT           DebugMon_Handler          [WEAK
]
  196 00000010 E7FE            B                .
  197 00000012                 ENDP
  198 00000012         PendSV_Handler
                               PROC
  199 00000012                 EXPORT           PendSV_Handler            [WEAK
]
  200 00000012 E7FE            B                .
  201 00000014                 ENDP
  202 00000014         SysTick_Handler
                               PROC
  203 00000014                 EXPORT           SysTick_Handler           [WEAK
]
  204 00000014 E7FE            B                .
  205 00000016                 ENDP
  206 00000016         
  207 00000016         Default_Handler
                               PROC
  208 00000016         
  209 00000016                 EXPORT           DAC_IRQHandler  [WEAK]
  210 00000016                 EXPORT           M0CORE_IRQHandler [WEAK]
  211 00000016                 EXPORT           DMA_IRQHandler  [WEAK]
  212 00000016                 EXPORT           EZH_IRQHandler  [WEAK]
  213 00000016                 EXPORT           FLASH_EEPROM_IRQHandler [WEAK]
  214 00000016                 EXPORT           ETH_IRQHandler  [WEAK]
  215 00000016                 EXPORT           SDIO_IRQHandler  [WEAK]
  216 00000016                 EXPORT           LCD_IRQHandler  [WEAK]
  217 00000016                 EXPORT           USB0_IRQHandler  [WEAK]
  218 00000016                 EXPORT           USB1_IRQHandler  [WEAK]
  219 00000016                 EXPORT           SCT_IRQHandler  [WEAK]
  220 00000016                 EXPORT           RIT_IRQHandler  [WEAK]
  221 00000016                 EXPORT           TIMER0_IRQHandler [WEAK]
  222 00000016                 EXPORT           TIMER1_IRQHandler [WEAK]
  223 00000016                 EXPORT           TIMER2_IRQHandler [WEAK]
  224 00000016                 EXPORT           TIMER3_IRQHandler [WEAK]
  225 00000016                 EXPORT           MCPWM_IRQHandler [WEAK]
  226 00000016                 EXPORT           ADC0_IRQHandler  [WEAK]
  227 00000016                 EXPORT           I2C0_IRQHandler  [WEAK]
  228 00000016                 EXPORT           I2C1_IRQHandler  [WEAK]
  229 00000016                 EXPORT           SPI_IRQHandler  [WEAK]
  230 00000016                 EXPORT           ADC1_IRQHandler  [WEAK]
  231 00000016                 EXPORT           SSP0_IRQHandler  [WEAK]
  232 00000016                 EXPORT           SSP1_IRQHandler  [WEAK]
  233 00000016                 EXPORT           UART0_IRQHandler [WEAK]
  234 00000016                 EXPORT           UART1_IRQHandler [WEAK]
  235 00000016                 EXPORT           UART2_IRQHandler [WEAK]
  236 00000016                 EXPORT           UART3_IRQHandler [WEAK]
  237 00000016                 EXPORT           I2S0_IRQHandler  [WEAK]
  238 00000016                 EXPORT           I2S1_IRQHandler  [WEAK]
  239 00000016                 EXPORT           SPIFI_IRQHandler [WEAK]
  240 00000016                 EXPORT           SGPIO_IRQHandler [WEAK]
  241 00000016                 EXPORT           GPIO0_IRQHandler [WEAK]



ARM Macro Assembler    Page 6 


  242 00000016                 EXPORT           GPIO1_IRQHandler [WEAK]
  243 00000016                 EXPORT           GPIO2_IRQHandler [WEAK]
  244 00000016                 EXPORT           GPIO3_IRQHandler [WEAK]
  245 00000016                 EXPORT           GPIO4_IRQHandler [WEAK]
  246 00000016                 EXPORT           GPIO5_IRQHandler [WEAK]
  247 00000016                 EXPORT           GPIO6_IRQHandler [WEAK]
  248 00000016                 EXPORT           GPIO7_IRQHandler [WEAK]
  249 00000016                 EXPORT           GINT0_IRQHandler [WEAK]
  250 00000016                 EXPORT           GINT1_IRQHandler [WEAK]
  251 00000016                 EXPORT           EVRT_IRQHandler  [WEAK]
  252 00000016                 EXPORT           CAN1_IRQHandler  [WEAK]
  253 00000016         ;     EXPORT RESERVED3   [WEAK]
  254 00000016                 EXPORT           VADC_IRQHandler  [WEAK]
  255 00000016                 EXPORT           ATIMER_IRQHandler [WEAK]
  256 00000016                 EXPORT           RTC_IRQHandler  [WEAK]
  257 00000016         ;     EXPORT RESERVED4   [WEAK]
  258 00000016                 EXPORT           WDT_IRQHandler  [WEAK]
  259 00000016                 EXPORT           M0s_IRQHandler  [WEAK]
  260 00000016                 EXPORT           CAN0_IRQHandler  [WEAK]
  261 00000016                 EXPORT           QEI_IRQHandler  [WEAK]
  262 00000016         
  263 00000016         
  264 00000016         DAC_IRQHandler
  265 00000016         M0CORE_IRQHandler
  266 00000016         DMA_IRQHandler
  267 00000016         EZH_IRQHandler
  268 00000016         FLASH_EEPROM_IRQHandler
  269 00000016         ETH_IRQHandler
  270 00000016         SDIO_IRQHandler
  271 00000016         LCD_IRQHandler
  272 00000016         USB0_IRQHandler
  273 00000016         USB1_IRQHandler
  274 00000016         SCT_IRQHandler
  275 00000016         RIT_IRQHandler
  276 00000016         TIMER0_IRQHandler
  277 00000016         TIMER1_IRQHandler
  278 00000016         TIMER2_IRQHandler
  279 00000016         TIMER3_IRQHandler
  280 00000016         MCPWM_IRQHandler
  281 00000016         ADC0_IRQHandler
  282 00000016         I2C0_IRQHandler
  283 00000016         I2C1_IRQHandler
  284 00000016         SPI_IRQHandler
  285 00000016         ADC1_IRQHandler
  286 00000016         SSP0_IRQHandler
  287 00000016         SSP1_IRQHandler
  288 00000016         UART0_IRQHandler
  289 00000016         UART1_IRQHandler
  290 00000016         UART2_IRQHandler
  291 00000016         UART3_IRQHandler
  292 00000016         I2S0_IRQHandler
  293 00000016         I2S1_IRQHandler
  294 00000016         SPIFI_IRQHandler
  295 00000016         SGPIO_IRQHandler
  296 00000016         GPIO0_IRQHandler
  297 00000016         GPIO1_IRQHandler
  298 00000016         GPIO2_IRQHandler
  299 00000016         GPIO3_IRQHandler
  300 00000016         GPIO4_IRQHandler



ARM Macro Assembler    Page 7 


  301 00000016         GPIO5_IRQHandler
  302 00000016         GPIO6_IRQHandler
  303 00000016         GPIO7_IRQHandler
  304 00000016         GINT0_IRQHandler
  305 00000016         GINT1_IRQHandler
  306 00000016         EVRT_IRQHandler
  307 00000016         CAN1_IRQHandler
  308 00000016         ;RESERVED3
  309 00000016         VADC_IRQHandler
  310 00000016         ATIMER_IRQHandler
  311 00000016         RTC_IRQHandler
  312 00000016         ;RESERVED4
  313 00000016         WDT_IRQHandler
  314 00000016         M0s_IRQHandler
  315 00000016         CAN0_IRQHandler
  316 00000016         QEI_IRQHandler
  317 00000016 E7FE            B                .
  318 00000018         
  319 00000018                 ENDP
  320 00000018         
  321 00000018                 ALIGN
  322 00000018         
  323 00000018         ; User Initial Stack & Heap
  324 00000018         
  325 00000018                 IF               :DEF:__MICROLIB
  326 00000018         
  327 00000018                 EXPORT           __initial_sp
  328 00000018                 EXPORT           __heap_base
  329 00000018                 EXPORT           __heap_limit
  330 00000018         
  331 00000018                 ELSE
  345                          ENDIF
  346 00000018         
  347 00000018 00000000        AREA             |.text|,CODE, READONLY
  348 0000001C         getPC   PROC
  349 0000001C                 EXPORT           getPC
  350 0000001C         
  351 0000001C 4670            MOV              R0,LR
  352 0000001E 4770            BX               LR
  353 00000020         
  354 00000020                 ENDP
  355 00000020         
  356 00000020                 END
Command Line: --debug --xref --cpu=Cortex-M4.fp --apcs=interwork --depend=.\__f
lash\startup_hitex4350_M4.d -o.\__flash\startup_hitex4350_M4.o -IE:\Keil\ARM\RV
31\Inc -IE:\Keil\ARM\CMSIS\Include -IE:\Keil\ARM\Inc\NXP\LPC43xx --predefine="_
_MICROLIB SETA 1" --list=.\__flash\startup_hitex4350_M4.lst ..\..\hitex4350_com
mon\keil\startup_hitex4350_M4.s



ARM Macro Assembler    Page 1 Alphabetic symbol ordering
Relocatable symbols

STACK 00000000

Symbol: STACK
   Definitions
      At line 31 in file ..\..\hitex4350_common\keil\startup_hitex4350_M4.s
   Uses
      None
Comment: STACK unused
Stack_Mem 00000000

Symbol: Stack_Mem
   Definitions
      At line 32 in file ..\..\hitex4350_common\keil\startup_hitex4350_M4.s
   Uses
      None
Comment: Stack_Mem unused
__initial_sp 00001000

Symbol: __initial_sp
   Definitions
      At line 33 in file ..\..\hitex4350_common\keil\startup_hitex4350_M4.s
   Uses
      At line 66 in file ..\..\hitex4350_common\keil\startup_hitex4350_M4.s
      At line 327 in file ..\..\hitex4350_common\keil\startup_hitex4350_M4.s

3 symbols



ARM Macro Assembler    Page 1 Alphabetic symbol ordering
Relocatable symbols

HEAP 00000000

Symbol: HEAP
   Definitions
      At line 45 in file ..\..\hitex4350_common\keil\startup_hitex4350_M4.s
   Uses
      None
Comment: HEAP unused
Heap_Mem 00000000

Symbol: Heap_Mem
   Definitions
      At line 47 in file ..\..\hitex4350_common\keil\startup_hitex4350_M4.s
   Uses
      None
Comment: Heap_Mem unused
__heap_base 00000000

Symbol: __heap_base
   Definitions
      At line 46 in file ..\..\hitex4350_common\keil\startup_hitex4350_M4.s
   Uses
      At line 328 in file ..\..\hitex4350_common\keil\startup_hitex4350_M4.s
Comment: __heap_base used once
__heap_limit 00000400

Symbol: __heap_limit
   Definitions
      At line 48 in file ..\..\hitex4350_common\keil\startup_hitex4350_M4.s
   Uses
      At line 329 in file ..\..\hitex4350_common\keil\startup_hitex4350_M4.s
Comment: __heap_limit used once
4 symbols



ARM Macro Assembler    Page 1 Alphabetic symbol ordering
Relocatable symbols

RESET 00000000

Symbol: RESET
   Definitions
      At line 61 in file ..\..\hitex4350_common\keil\startup_hitex4350_M4.s
   Uses
      None
Comment: RESET unused
__Vectors 00000000

Symbol: __Vectors
   Definitions
      At line 66 in file ..\..\hitex4350_common\keil\startup_hitex4350_M4.s
   Uses
      At line 62 in file ..\..\hitex4350_common\keil\startup_hitex4350_M4.s
Comment: __Vectors used once
2 symbols



ARM Macro Assembler    Page 1 Alphabetic symbol ordering
Relocatable symbols

.ARM.__at_0x02FC 00000000

Symbol: .ARM.__at_0x02FC
   Definitions
      At line 148 in file ..\..\hitex4350_common\keil\startup_hitex4350_M4.s
   Uses
      None
Comment: .ARM.__at_0x02FC unused
CRP_Key 00000000

Symbol: CRP_Key
   Definitions
      At line 149 in file ..\..\hitex4350_common\keil\startup_hitex4350_M4.s
   Uses
      None
Comment: CRP_Key unused
2 symbols



ARM Macro Assembler    Page 1 Alphabetic symbol ordering
Relocatable symbols

.text 00000000

Symbol: .text
   Definitions
      At line 152 in file ..\..\hitex4350_common\keil\startup_hitex4350_M4.s
   Uses
      None
Comment: .text unused
ADC0_IRQHandler 00000016

Symbol: ADC0_IRQHandler
   Definitions
      At line 281 in file ..\..\hitex4350_common\keil\startup_hitex4350_M4.s
   Uses
      At line 109 in file ..\..\hitex4350_common\keil\startup_hitex4350_M4.s
      At line 226 in file ..\..\hitex4350_common\keil\startup_hitex4350_M4.s

ADC1_IRQHandler 00000016

Symbol: ADC1_IRQHandler
   Definitions
      At line 285 in file ..\..\hitex4350_common\keil\startup_hitex4350_M4.s
   Uses
      At line 113 in file ..\..\hitex4350_common\keil\startup_hitex4350_M4.s
      At line 230 in file ..\..\hitex4350_common\keil\startup_hitex4350_M4.s

ATIMER_IRQHandler 00000016

Symbol: ATIMER_IRQHandler
   Definitions
      At line 310 in file ..\..\hitex4350_common\keil\startup_hitex4350_M4.s
   Uses
      At line 138 in file ..\..\hitex4350_common\keil\startup_hitex4350_M4.s
      At line 255 in file ..\..\hitex4350_common\keil\startup_hitex4350_M4.s

BusFault_Handler 0000000A

Symbol: BusFault_Handler
   Definitions
      At line 180 in file ..\..\hitex4350_common\keil\startup_hitex4350_M4.s
   Uses
      At line 71 in file ..\..\hitex4350_common\keil\startup_hitex4350_M4.s
      At line 181 in file ..\..\hitex4350_common\keil\startup_hitex4350_M4.s

CAN0_IRQHandler 00000016

Symbol: CAN0_IRQHandler
   Definitions
      At line 315 in file ..\..\hitex4350_common\keil\startup_hitex4350_M4.s
   Uses
      At line 143 in file ..\..\hitex4350_common\keil\startup_hitex4350_M4.s
      At line 260 in file ..\..\hitex4350_common\keil\startup_hitex4350_M4.s

CAN1_IRQHandler 00000016

Symbol: CAN1_IRQHandler
   Definitions
      At line 307 in file ..\..\hitex4350_common\keil\startup_hitex4350_M4.s
   Uses



ARM Macro Assembler    Page 2 Alphabetic symbol ordering
Relocatable symbols

      At line 135 in file ..\..\hitex4350_common\keil\startup_hitex4350_M4.s
      At line 252 in file ..\..\hitex4350_common\keil\startup_hitex4350_M4.s

DAC_IRQHandler 00000016

Symbol: DAC_IRQHandler
   Definitions
      At line 264 in file ..\..\hitex4350_common\keil\startup_hitex4350_M4.s
   Uses
      At line 92 in file ..\..\hitex4350_common\keil\startup_hitex4350_M4.s
      At line 209 in file ..\..\hitex4350_common\keil\startup_hitex4350_M4.s

DMA_IRQHandler 00000016

Symbol: DMA_IRQHandler
   Definitions
      At line 266 in file ..\..\hitex4350_common\keil\startup_hitex4350_M4.s
   Uses
      At line 94 in file ..\..\hitex4350_common\keil\startup_hitex4350_M4.s
      At line 211 in file ..\..\hitex4350_common\keil\startup_hitex4350_M4.s

DebugMon_Handler 00000010

Symbol: DebugMon_Handler
   Definitions
      At line 194 in file ..\..\hitex4350_common\keil\startup_hitex4350_M4.s
   Uses
      At line 85 in file ..\..\hitex4350_common\keil\startup_hitex4350_M4.s
      At line 195 in file ..\..\hitex4350_common\keil\startup_hitex4350_M4.s

Default_Handler 00000016

Symbol: Default_Handler
   Definitions
      At line 207 in file ..\..\hitex4350_common\keil\startup_hitex4350_M4.s
   Uses
      None
Comment: Default_Handler unused
ETH_IRQHandler 00000016

Symbol: ETH_IRQHandler
   Definitions
      At line 269 in file ..\..\hitex4350_common\keil\startup_hitex4350_M4.s
   Uses
      At line 97 in file ..\..\hitex4350_common\keil\startup_hitex4350_M4.s
      At line 214 in file ..\..\hitex4350_common\keil\startup_hitex4350_M4.s

EVRT_IRQHandler 00000016

Symbol: EVRT_IRQHandler
   Definitions
      At line 306 in file ..\..\hitex4350_common\keil\startup_hitex4350_M4.s
   Uses
      At line 134 in file ..\..\hitex4350_common\keil\startup_hitex4350_M4.s
      At line 251 in file ..\..\hitex4350_common\keil\startup_hitex4350_M4.s

EZH_IRQHandler 00000016

Symbol: EZH_IRQHandler



ARM Macro Assembler    Page 3 Alphabetic symbol ordering
Relocatable symbols

   Definitions
      At line 267 in file ..\..\hitex4350_common\keil\startup_hitex4350_M4.s
   Uses
      At line 95 in file ..\..\hitex4350_common\keil\startup_hitex4350_M4.s
      At line 212 in file ..\..\hitex4350_common\keil\startup_hitex4350_M4.s

FLASH_EEPROM_IRQHandler 00000016

Symbol: FLASH_EEPROM_IRQHandler
   Definitions
      At line 268 in file ..\..\hitex4350_common\keil\startup_hitex4350_M4.s
   Uses
      At line 96 in file ..\..\hitex4350_common\keil\startup_hitex4350_M4.s
      At line 213 in file ..\..\hitex4350_common\keil\startup_hitex4350_M4.s

GINT0_IRQHandler 00000016

Symbol: GINT0_IRQHandler
   Definitions
      At line 304 in file ..\..\hitex4350_common\keil\startup_hitex4350_M4.s
   Uses
      At line 132 in file ..\..\hitex4350_common\keil\startup_hitex4350_M4.s
      At line 249 in file ..\..\hitex4350_common\keil\startup_hitex4350_M4.s

GINT1_IRQHandler 00000016

Symbol: GINT1_IRQHandler
   Definitions
      At line 305 in file ..\..\hitex4350_common\keil\startup_hitex4350_M4.s
   Uses
      At line 133 in file ..\..\hitex4350_common\keil\startup_hitex4350_M4.s
      At line 250 in file ..\..\hitex4350_common\keil\startup_hitex4350_M4.s

GPIO0_IRQHandler 00000016

Symbol: GPIO0_IRQHandler
   Definitions
      At line 296 in file ..\..\hitex4350_common\keil\startup_hitex4350_M4.s
   Uses
      At line 124 in file ..\..\hitex4350_common\keil\startup_hitex4350_M4.s
      At line 241 in file ..\..\hitex4350_common\keil\startup_hitex4350_M4.s

GPIO1_IRQHandler 00000016

Symbol: GPIO1_IRQHandler
   Definitions
      At line 297 in file ..\..\hitex4350_common\keil\startup_hitex4350_M4.s
   Uses
      At line 125 in file ..\..\hitex4350_common\keil\startup_hitex4350_M4.s
      At line 242 in file ..\..\hitex4350_common\keil\startup_hitex4350_M4.s

GPIO2_IRQHandler 00000016

Symbol: GPIO2_IRQHandler
   Definitions
      At line 298 in file ..\..\hitex4350_common\keil\startup_hitex4350_M4.s
   Uses
      At line 126 in file ..\..\hitex4350_common\keil\startup_hitex4350_M4.s
      At line 243 in file ..\..\hitex4350_common\keil\startup_hitex4350_M4.s



ARM Macro Assembler    Page 4 Alphabetic symbol ordering
Relocatable symbols


GPIO3_IRQHandler 00000016

Symbol: GPIO3_IRQHandler
   Definitions
      At line 299 in file ..\..\hitex4350_common\keil\startup_hitex4350_M4.s
   Uses
      At line 127 in file ..\..\hitex4350_common\keil\startup_hitex4350_M4.s
      At line 244 in file ..\..\hitex4350_common\keil\startup_hitex4350_M4.s

GPIO4_IRQHandler 00000016

Symbol: GPIO4_IRQHandler
   Definitions
      At line 300 in file ..\..\hitex4350_common\keil\startup_hitex4350_M4.s
   Uses
      At line 128 in file ..\..\hitex4350_common\keil\startup_hitex4350_M4.s
      At line 245 in file ..\..\hitex4350_common\keil\startup_hitex4350_M4.s

GPIO5_IRQHandler 00000016

Symbol: GPIO5_IRQHandler
   Definitions
      At line 301 in file ..\..\hitex4350_common\keil\startup_hitex4350_M4.s
   Uses
      At line 129 in file ..\..\hitex4350_common\keil\startup_hitex4350_M4.s
      At line 246 in file ..\..\hitex4350_common\keil\startup_hitex4350_M4.s

GPIO6_IRQHandler 00000016

Symbol: GPIO6_IRQHandler
   Definitions
      At line 302 in file ..\..\hitex4350_common\keil\startup_hitex4350_M4.s
   Uses
      At line 130 in file ..\..\hitex4350_common\keil\startup_hitex4350_M4.s
      At line 247 in file ..\..\hitex4350_common\keil\startup_hitex4350_M4.s

GPIO7_IRQHandler 00000016

Symbol: GPIO7_IRQHandler
   Definitions
      At line 303 in file ..\..\hitex4350_common\keil\startup_hitex4350_M4.s
   Uses
      At line 131 in file ..\..\hitex4350_common\keil\startup_hitex4350_M4.s
      At line 248 in file ..\..\hitex4350_common\keil\startup_hitex4350_M4.s

HardFault_Handler 00000006

Symbol: HardFault_Handler
   Definitions
      At line 170 in file ..\..\hitex4350_common\keil\startup_hitex4350_M4.s
   Uses
      At line 69 in file ..\..\hitex4350_common\keil\startup_hitex4350_M4.s
      At line 171 in file ..\..\hitex4350_common\keil\startup_hitex4350_M4.s

I2C0_IRQHandler 00000016

Symbol: I2C0_IRQHandler
   Definitions



ARM Macro Assembler    Page 5 Alphabetic symbol ordering
Relocatable symbols

      At line 282 in file ..\..\hitex4350_common\keil\startup_hitex4350_M4.s
   Uses
      At line 110 in file ..\..\hitex4350_common\keil\startup_hitex4350_M4.s
      At line 227 in file ..\..\hitex4350_common\keil\startup_hitex4350_M4.s

I2C1_IRQHandler 00000016

Symbol: I2C1_IRQHandler
   Definitions
      At line 283 in file ..\..\hitex4350_common\keil\startup_hitex4350_M4.s
   Uses
      At line 111 in file ..\..\hitex4350_common\keil\startup_hitex4350_M4.s
      At line 228 in file ..\..\hitex4350_common\keil\startup_hitex4350_M4.s

I2S0_IRQHandler 00000016

Symbol: I2S0_IRQHandler
   Definitions
      At line 292 in file ..\..\hitex4350_common\keil\startup_hitex4350_M4.s
   Uses
      At line 120 in file ..\..\hitex4350_common\keil\startup_hitex4350_M4.s
      At line 237 in file ..\..\hitex4350_common\keil\startup_hitex4350_M4.s

I2S1_IRQHandler 00000016

Symbol: I2S1_IRQHandler
   Definitions
      At line 293 in file ..\..\hitex4350_common\keil\startup_hitex4350_M4.s
   Uses
      At line 121 in file ..\..\hitex4350_common\keil\startup_hitex4350_M4.s
      At line 238 in file ..\..\hitex4350_common\keil\startup_hitex4350_M4.s

LCD_IRQHandler 00000016

Symbol: LCD_IRQHandler
   Definitions
      At line 271 in file ..\..\hitex4350_common\keil\startup_hitex4350_M4.s
   Uses
      At line 99 in file ..\..\hitex4350_common\keil\startup_hitex4350_M4.s
      At line 216 in file ..\..\hitex4350_common\keil\startup_hitex4350_M4.s

M0CORE_IRQHandler 00000016

Symbol: M0CORE_IRQHandler
   Definitions
      At line 265 in file ..\..\hitex4350_common\keil\startup_hitex4350_M4.s
   Uses
      At line 93 in file ..\..\hitex4350_common\keil\startup_hitex4350_M4.s
      At line 210 in file ..\..\hitex4350_common\keil\startup_hitex4350_M4.s

M0s_IRQHandler 00000016

Symbol: M0s_IRQHandler
   Definitions
      At line 314 in file ..\..\hitex4350_common\keil\startup_hitex4350_M4.s
   Uses
      At line 142 in file ..\..\hitex4350_common\keil\startup_hitex4350_M4.s
      At line 259 in file ..\..\hitex4350_common\keil\startup_hitex4350_M4.s




ARM Macro Assembler    Page 6 Alphabetic symbol ordering
Relocatable symbols

MCPWM_IRQHandler 00000016

Symbol: MCPWM_IRQHandler
   Definitions
      At line 280 in file ..\..\hitex4350_common\keil\startup_hitex4350_M4.s
   Uses
      At line 108 in file ..\..\hitex4350_common\keil\startup_hitex4350_M4.s
      At line 225 in file ..\..\hitex4350_common\keil\startup_hitex4350_M4.s

MemManage_Handler 00000008

Symbol: MemManage_Handler
   Definitions
      At line 175 in file ..\..\hitex4350_common\keil\startup_hitex4350_M4.s
   Uses
      At line 70 in file ..\..\hitex4350_common\keil\startup_hitex4350_M4.s
      At line 176 in file ..\..\hitex4350_common\keil\startup_hitex4350_M4.s

NMI_Handler 00000004

Symbol: NMI_Handler
   Definitions
      At line 165 in file ..\..\hitex4350_common\keil\startup_hitex4350_M4.s
   Uses
      At line 68 in file ..\..\hitex4350_common\keil\startup_hitex4350_M4.s
      At line 166 in file ..\..\hitex4350_common\keil\startup_hitex4350_M4.s

PendSV_Handler 00000012

Symbol: PendSV_Handler
   Definitions
      At line 198 in file ..\..\hitex4350_common\keil\startup_hitex4350_M4.s
   Uses
      At line 87 in file ..\..\hitex4350_common\keil\startup_hitex4350_M4.s
      At line 199 in file ..\..\hitex4350_common\keil\startup_hitex4350_M4.s

QEI_IRQHandler 00000016

Symbol: QEI_IRQHandler
   Definitions
      At line 316 in file ..\..\hitex4350_common\keil\startup_hitex4350_M4.s
   Uses
      At line 144 in file ..\..\hitex4350_common\keil\startup_hitex4350_M4.s
      At line 261 in file ..\..\hitex4350_common\keil\startup_hitex4350_M4.s

RIT_IRQHandler 00000016

Symbol: RIT_IRQHandler
   Definitions
      At line 275 in file ..\..\hitex4350_common\keil\startup_hitex4350_M4.s
   Uses
      At line 103 in file ..\..\hitex4350_common\keil\startup_hitex4350_M4.s
      At line 220 in file ..\..\hitex4350_common\keil\startup_hitex4350_M4.s

RTC_IRQHandler 00000016

Symbol: RTC_IRQHandler
   Definitions
      At line 311 in file ..\..\hitex4350_common\keil\startup_hitex4350_M4.s



ARM Macro Assembler    Page 7 Alphabetic symbol ordering
Relocatable symbols

   Uses
      At line 139 in file ..\..\hitex4350_common\keil\startup_hitex4350_M4.s
      At line 256 in file ..\..\hitex4350_common\keil\startup_hitex4350_M4.s

Reset_Handler 00000000

Symbol: Reset_Handler
   Definitions
      At line 156 in file ..\..\hitex4350_common\keil\startup_hitex4350_M4.s
   Uses
      At line 67 in file ..\..\hitex4350_common\keil\startup_hitex4350_M4.s
      At line 157 in file ..\..\hitex4350_common\keil\startup_hitex4350_M4.s

SCT_IRQHandler 00000016

Symbol: SCT_IRQHandler
   Definitions
      At line 274 in file ..\..\hitex4350_common\keil\startup_hitex4350_M4.s
   Uses
      At line 102 in file ..\..\hitex4350_common\keil\startup_hitex4350_M4.s
      At line 219 in file ..\..\hitex4350_common\keil\startup_hitex4350_M4.s

SDIO_IRQHandler 00000016

Symbol: SDIO_IRQHandler
   Definitions
      At line 270 in file ..\..\hitex4350_common\keil\startup_hitex4350_M4.s
   Uses
      At line 98 in file ..\..\hitex4350_common\keil\startup_hitex4350_M4.s
      At line 215 in file ..\..\hitex4350_common\keil\startup_hitex4350_M4.s

SGPIO_IRQHandler 00000016

Symbol: SGPIO_IRQHandler
   Definitions
      At line 295 in file ..\..\hitex4350_common\keil\startup_hitex4350_M4.s
   Uses
      At line 123 in file ..\..\hitex4350_common\keil\startup_hitex4350_M4.s
      At line 240 in file ..\..\hitex4350_common\keil\startup_hitex4350_M4.s

SPIFI_IRQHandler 00000016

Symbol: SPIFI_IRQHandler
   Definitions
      At line 294 in file ..\..\hitex4350_common\keil\startup_hitex4350_M4.s
   Uses
      At line 122 in file ..\..\hitex4350_common\keil\startup_hitex4350_M4.s
      At line 239 in file ..\..\hitex4350_common\keil\startup_hitex4350_M4.s

SPI_IRQHandler 00000016

Symbol: SPI_IRQHandler
   Definitions
      At line 284 in file ..\..\hitex4350_common\keil\startup_hitex4350_M4.s
   Uses
      At line 112 in file ..\..\hitex4350_common\keil\startup_hitex4350_M4.s
      At line 229 in file ..\..\hitex4350_common\keil\startup_hitex4350_M4.s

SSP0_IRQHandler 00000016



ARM Macro Assembler    Page 8 Alphabetic symbol ordering
Relocatable symbols


Symbol: SSP0_IRQHandler
   Definitions
      At line 286 in file ..\..\hitex4350_common\keil\startup_hitex4350_M4.s
   Uses
      At line 114 in file ..\..\hitex4350_common\keil\startup_hitex4350_M4.s
      At line 231 in file ..\..\hitex4350_common\keil\startup_hitex4350_M4.s

SSP1_IRQHandler 00000016

Symbol: SSP1_IRQHandler
   Definitions
      At line 287 in file ..\..\hitex4350_common\keil\startup_hitex4350_M4.s
   Uses
      At line 115 in file ..\..\hitex4350_common\keil\startup_hitex4350_M4.s
      At line 232 in file ..\..\hitex4350_common\keil\startup_hitex4350_M4.s

SVC_Handler 0000000E

Symbol: SVC_Handler
   Definitions
      At line 189 in file ..\..\hitex4350_common\keil\startup_hitex4350_M4.s
   Uses
      At line 84 in file ..\..\hitex4350_common\keil\startup_hitex4350_M4.s
      At line 190 in file ..\..\hitex4350_common\keil\startup_hitex4350_M4.s

SysTick_Handler 00000014

Symbol: SysTick_Handler
   Definitions
      At line 202 in file ..\..\hitex4350_common\keil\startup_hitex4350_M4.s
   Uses
      At line 88 in file ..\..\hitex4350_common\keil\startup_hitex4350_M4.s
      At line 203 in file ..\..\hitex4350_common\keil\startup_hitex4350_M4.s

TIMER0_IRQHandler 00000016

Symbol: TIMER0_IRQHandler
   Definitions
      At line 276 in file ..\..\hitex4350_common\keil\startup_hitex4350_M4.s
   Uses
      At line 104 in file ..\..\hitex4350_common\keil\startup_hitex4350_M4.s
      At line 221 in file ..\..\hitex4350_common\keil\startup_hitex4350_M4.s

TIMER1_IRQHandler 00000016

Symbol: TIMER1_IRQHandler
   Definitions
      At line 277 in file ..\..\hitex4350_common\keil\startup_hitex4350_M4.s
   Uses
      At line 105 in file ..\..\hitex4350_common\keil\startup_hitex4350_M4.s
      At line 222 in file ..\..\hitex4350_common\keil\startup_hitex4350_M4.s

TIMER2_IRQHandler 00000016

Symbol: TIMER2_IRQHandler
   Definitions
      At line 278 in file ..\..\hitex4350_common\keil\startup_hitex4350_M4.s
   Uses



ARM Macro Assembler    Page 9 Alphabetic symbol ordering
Relocatable symbols

      At line 106 in file ..\..\hitex4350_common\keil\startup_hitex4350_M4.s
      At line 223 in file ..\..\hitex4350_common\keil\startup_hitex4350_M4.s

TIMER3_IRQHandler 00000016

Symbol: TIMER3_IRQHandler
   Definitions
      At line 279 in file ..\..\hitex4350_common\keil\startup_hitex4350_M4.s
   Uses
      At line 107 in file ..\..\hitex4350_common\keil\startup_hitex4350_M4.s
      At line 224 in file ..\..\hitex4350_common\keil\startup_hitex4350_M4.s

UART0_IRQHandler 00000016

Symbol: UART0_IRQHandler
   Definitions
      At line 288 in file ..\..\hitex4350_common\keil\startup_hitex4350_M4.s
   Uses
      At line 116 in file ..\..\hitex4350_common\keil\startup_hitex4350_M4.s
      At line 233 in file ..\..\hitex4350_common\keil\startup_hitex4350_M4.s

UART1_IRQHandler 00000016

Symbol: UART1_IRQHandler
   Definitions
      At line 289 in file ..\..\hitex4350_common\keil\startup_hitex4350_M4.s
   Uses
      At line 117 in file ..\..\hitex4350_common\keil\startup_hitex4350_M4.s
      At line 234 in file ..\..\hitex4350_common\keil\startup_hitex4350_M4.s

UART2_IRQHandler 00000016

Symbol: UART2_IRQHandler
   Definitions
      At line 290 in file ..\..\hitex4350_common\keil\startup_hitex4350_M4.s
   Uses
      At line 118 in file ..\..\hitex4350_common\keil\startup_hitex4350_M4.s
      At line 235 in file ..\..\hitex4350_common\keil\startup_hitex4350_M4.s

UART3_IRQHandler 00000016

Symbol: UART3_IRQHandler
   Definitions
      At line 291 in file ..\..\hitex4350_common\keil\startup_hitex4350_M4.s
   Uses
      At line 119 in file ..\..\hitex4350_common\keil\startup_hitex4350_M4.s
      At line 236 in file ..\..\hitex4350_common\keil\startup_hitex4350_M4.s

USB0_IRQHandler 00000016

Symbol: USB0_IRQHandler
   Definitions
      At line 272 in file ..\..\hitex4350_common\keil\startup_hitex4350_M4.s
   Uses
      At line 100 in file ..\..\hitex4350_common\keil\startup_hitex4350_M4.s
      At line 217 in file ..\..\hitex4350_common\keil\startup_hitex4350_M4.s

USB1_IRQHandler 00000016




ARM Macro Assembler    Page 10 Alphabetic symbol ordering
Relocatable symbols

Symbol: USB1_IRQHandler
   Definitions
      At line 273 in file ..\..\hitex4350_common\keil\startup_hitex4350_M4.s
   Uses
      At line 101 in file ..\..\hitex4350_common\keil\startup_hitex4350_M4.s
      At line 218 in file ..\..\hitex4350_common\keil\startup_hitex4350_M4.s

UsageFault_Handler 0000000C

Symbol: UsageFault_Handler
   Definitions
      At line 185 in file ..\..\hitex4350_common\keil\startup_hitex4350_M4.s
   Uses
      At line 72 in file ..\..\hitex4350_common\keil\startup_hitex4350_M4.s
      At line 186 in file ..\..\hitex4350_common\keil\startup_hitex4350_M4.s

VADC_IRQHandler 00000016

Symbol: VADC_IRQHandler
   Definitions
      At line 309 in file ..\..\hitex4350_common\keil\startup_hitex4350_M4.s
   Uses
      At line 137 in file ..\..\hitex4350_common\keil\startup_hitex4350_M4.s
      At line 254 in file ..\..\hitex4350_common\keil\startup_hitex4350_M4.s

WDT_IRQHandler 00000016

Symbol: WDT_IRQHandler
   Definitions
      At line 313 in file ..\..\hitex4350_common\keil\startup_hitex4350_M4.s
   Uses
      At line 141 in file ..\..\hitex4350_common\keil\startup_hitex4350_M4.s
      At line 258 in file ..\..\hitex4350_common\keil\startup_hitex4350_M4.s

getPC 0000001C

Symbol: getPC
   Definitions
      At line 348 in file ..\..\hitex4350_common\keil\startup_hitex4350_M4.s
   Uses
      At line 349 in file ..\..\hitex4350_common\keil\startup_hitex4350_M4.s
Comment: getPC used once
64 symbols



ARM Macro Assembler    Page 1 Alphabetic symbol ordering
Absolute symbols

Heap_Size 00000400

Symbol: Heap_Size
   Definitions
      At line 42 in file ..\..\hitex4350_common\keil\startup_hitex4350_M4.s
   Uses
      At line 47 in file ..\..\hitex4350_common\keil\startup_hitex4350_M4.s
Comment: Heap_Size used once
Sign_Value 5A5A5A5A

Symbol: Sign_Value
   Definitions
      At line 64 in file ..\..\hitex4350_common\keil\startup_hitex4350_M4.s
   Uses
      At line 73 in file ..\..\hitex4350_common\keil\startup_hitex4350_M4.s
Comment: Sign_Value used once
Stack_Size 00001000

Symbol: Stack_Size
   Definitions
      At line 29 in file ..\..\hitex4350_common\keil\startup_hitex4350_M4.s
   Uses
      At line 32 in file ..\..\hitex4350_common\keil\startup_hitex4350_M4.s
Comment: Stack_Size used once
3 symbols



ARM Macro Assembler    Page 1 Alphabetic symbol ordering
External symbols

__main 00000000

Symbol: __main
   Definitions
      At line 158 in file ..\..\hitex4350_common\keil\startup_hitex4350_M4.s
   Uses
      At line 159 in file ..\..\hitex4350_common\keil\startup_hitex4350_M4.s
Comment: __main used once
1 symbol
421 symbols in table
